0 info it worked if it ends with ok
1 verbose cli [ '/home/falcao/Development/node-v4.4.4-linux-x64/bin/node',
1 verbose cli   '/home/falcao/Development/node-v4.4.4-linux-x64/bin/npm',
1 verbose cli   'start' ]
2 info using npm@3.10.8
3 info using node@v4.4.4
4 verbose run-script [ 'prestart', 'start', 'poststart' ]
5 info lifecycle investplay@1.0.16~prestart: investplay@1.0.16
6 silly lifecycle investplay@1.0.16~prestart: no script for prestart, continuing
7 info lifecycle investplay@1.0.16~start: investplay@1.0.16
8 verbose lifecycle investplay@1.0.16~start: unsafe-perm in lifecycle true
9 verbose lifecycle investplay@1.0.16~start: PATH: /home/falcao/Development/node-v4.4.4-linux-x64/lib/node_modules/npm/bin/node-gyp-bin:/home/falcao/Development/workspaces/investplay/investplay-client/node_modules/.bin:/usr/local/sbin:/usr/local/bin:/usr/sbin:/usr/bin:/sbin:/bin:/usr/games:/usr/local/games:/snap/bin:/home/falcao/Development/jdk1.8.0_91/bin:/home/falcao/Development/apache-maven-3.3.9/bin:/home/falcao/Development/node-v4.4.4-linux-x64/bin:/home/falcao/Development/go/bin:/home/falcao/Development/gradle-2.14/bin:/snap/bin:/home/falcao/Development/jdk1.8.0_91/bin:/home/falcao/Development/apache-maven-3.3.9/bin:/home/falcao/Development/node-v4.4.4-linux-x64/bin:/home/falcao/Development/go/bin:/home/falcao/Development/gradle-2.14/bin
10 verbose lifecycle investplay@1.0.16~start: CWD: /home/falcao/Development/workspaces/investplay/investplay-client
11 silly lifecycle investplay@1.0.16~start: Args: [ '-c', 'node ./app.js' ]
12 silly lifecycle investplay@1.0.16~start: Returned: code: 1  signal: null
13 info lifecycle investplay@1.0.16~start: Failed to exec start script
14 verbose stack Error: investplay@1.0.16 start: `node ./app.js`
14 verbose stack Exit status 1
14 verbose stack     at EventEmitter.<anonymous> (/home/falcao/Development/node-v4.4.4-linux-x64/lib/node_modules/npm/lib/utils/lifecycle.js:255:16)
14 verbose stack     at emitTwo (events.js:87:13)
14 verbose stack     at EventEmitter.emit (events.js:172:7)
14 verbose stack     at ChildProcess.<anonymous> (/home/falcao/Development/node-v4.4.4-linux-x64/lib/node_modules/npm/lib/utils/spawn.js:40:14)
14 verbose stack     at emitTwo (events.js:87:13)
14 verbose stack     at ChildProcess.emit (events.js:172:7)
14 verbose stack     at maybeClose (internal/child_process.js:827:16)
14 verbose stack     at Process.ChildProcess._handle.onexit (internal/child_process.js:211:5)
15 verbose pkgid investplay@1.0.16
16 verbose cwd /home/falcao/Development/workspaces/investplay/investplay-client
17 error Linux 4.4.0-83-generic
18 error argv "/home/falcao/Development/node-v4.4.4-linux-x64/bin/node" "/home/falcao/Development/node-v4.4.4-linux-x64/bin/npm" "start"
19 error node v4.4.4
20 error npm  v3.10.8
21 error code ELIFECYCLE
22 error investplay@1.0.16 start: `node ./app.js`
22 error Exit status 1
23 error Failed at the investplay@1.0.16 start script 'node ./app.js'.
23 error Make sure you have the latest version of node.js and npm installed.
23 error If you do, this is most likely a problem with the investplay package,
23 error not with npm itself.
23 error Tell the author that this fails on your system:
23 error     node ./app.js
23 error You can get information on how to open an issue for this project with:
23 error     npm bugs investplay
23 error Or if that isn't available, you can get their info via:
23 error     npm owner ls investplay
23 error There is likely additional logging output above.
24 verbose exit [ 1, true ]
